New release '18.04.5 LTS' available.
Run 'do-release-upgrade' to upgrade to it.

*** System restart required ***
Last login: Sat Nov 14 14:10:51 2020 from 10.61.238.27
songyima@155:~$ conda activate dgl
cd(dgl) songyima@155:~$ cd /data/sym/one-class-svm/mean_of_five/
(dgl) songyima@155:/data/sym/one-class-svm/mean_of_five$ python svm_train.py 500 0.1
start time 2020-11-14 21:05:16.737775
thres:  500
nu:  0.1
cycle: 0
svm_train.py:83: FutureWarning: elementwise comparison failed; returning scalar instead, but in the future will perform elementwise comparison
  X[X=='0'] = -1
svm_train.py:84: FutureWarning: elementwise comparison failed; returning scalar instead, but in the future will perform elementwise comparison
  X[X=='1'] = 1
original mice count:  52334
original elephant count:  16653
[[3247  103]
 [1066 9382]]
              precision    recall  f1-score   support

          -1       0.75      0.97      0.85      3350
           1       0.99      0.90      0.94     10448

    accuracy                           0.92     13798
   macro avg       0.87      0.93      0.89     13798
weighted avg       0.93      0.92      0.92     13798

cycle: 1
svm_train.py:83: FutureWarning: elementwise comparison failed; returning scalar instead, but in the future will perform elementwise comparison
  X[X=='0'] = -1
svm_train.py:84: FutureWarning: elementwise comparison failed; returning scalar instead, but in the future will perform elementwise comparison
  X[X=='1'] = 1
original mice count:  53367
original elephant count:  17709
[[3376  119]
 [1049 9672]]
              precision    recall  f1-score   support

          -1       0.76      0.97      0.85      3495
           1       0.99      0.90      0.94     10721

    accuracy                           0.92     14216
   macro avg       0.88      0.93      0.90     14216
weighted avg       0.93      0.92      0.92     14216

cycle: 2
svm_train.py:83: FutureWarning: elementwise comparison failed; returning scalar instead, but in the future will perform elementwise comparison
  X[X=='0'] = -1
svm_train.py:84: FutureWarning: elementwise comparison failed; returning scalar instead, but in the future will perform elementwise comparison
  X[X=='1'] = 1
original mice count:  52455
original elephant count:  17305
[[3334  110]
 [1083 9425]]
              precision    recall  f1-score   support

          -1       0.75      0.97      0.85      3444
           1       0.99      0.90      0.94     10508

    accuracy                           0.91     13952
   macro avg       0.87      0.93      0.89     13952
weighted avg       0.93      0.91      0.92     13952

cycle: 3
svm_train.py:83: FutureWarning: elementwise comparison failed; returning scalar instead, but in the future will perform elementwise comparison
  X[X=='0'] = -1
svm_train.py:84: FutureWarning: elementwise comparison failed; returning scalar instead, but in the future will perform elementwise comparison
  X[X=='1'] = 1
original mice count:  52486
original elephant count:  17047
[[3327  102]
 [1056 9422]]
              precision    recall  f1-score   support

          -1       0.76      0.97      0.85      3429
           1       0.99      0.90      0.94     10478

    accuracy                           0.92     13907
   macro avg       0.87      0.93      0.90     13907
weighted avg       0.93      0.92      0.92     13907

cycle: 4
svm_train.py:83: FutureWarning: elementwise comparison failed; returning scalar instead, but in the future will perform elementwise comparison
  X[X=='0'] = -1
svm_train.py:84: FutureWarning: elementwise comparison failed; returning scalar instead, but in the future will perform elementwise comparison
  X[X=='1'] = 1
original mice count:  51593
original elephant count:  17125
[[3335   88]
 [1020 9301]]
              precision    recall  f1-score   support

          -1       0.77      0.97      0.86      3423
           1       0.99      0.90      0.94     10321

    accuracy                           0.92     13744
   macro avg       0.88      0.94      0.90     13744
weighted avg       0.93      0.92      0.92     13744

cycle: 5
svm_train.py:83: FutureWarning: elementwise comparison failed; returning scalar instead, but in the future will perform elementwise comparison
  X[X=='0'] = -1
svm_train.py:84: FutureWarning: elementwise comparison failed; returning scalar instead, but in the future will perform elementwise comparison
  X[X=='1'] = 1
original mice count:  50618
original elephant count:  17281
[[3451   87]
 [1033 9009]]
              precision    recall  f1-score   support

          -1       0.77      0.98      0.86      3538
           1       0.99      0.90      0.94     10042

    accuracy                           0.92     13580
   macro avg       0.88      0.94      0.90     13580
weighted avg       0.93      0.92      0.92     13580

cycle: 6
svm_train.py:83: FutureWarning: elementwise comparison failed; returning scalar instead, but in the future will perform elementwise comparison
  X[X=='0'] = -1
svm_train.py:84: FutureWarning: elementwise comparison failed; returning scalar instead, but in the future will perform elementwise comparison
  X[X=='1'] = 1
original mice count:  51508
original elephant count:  17298
[[3387   87]
 [1073 9215]]
              precision    recall  f1-score   support

          -1       0.76      0.97      0.85      3474
           1       0.99      0.90      0.94     10288

    accuracy                           0.92     13762
   macro avg       0.88      0.94      0.90     13762
weighted avg       0.93      0.92      0.92     13762

cycle: 7
svm_train.py:83: FutureWarning: elementwise comparison failed; returning scalar instead, but in the future will perform elementwise comparison
  X[X=='0'] = -1
svm_train.py:84: FutureWarning: elementwise comparison failed; returning scalar instead, but in the future will perform elementwise comparison
  X[X=='1'] = 1
original mice count:  51089
original elephant count:  16931
[[3301   82]
 [ 998 9223]]
              precision    recall  f1-score   support

          -1       0.77      0.98      0.86      3383
           1       0.99      0.90      0.94     10221

    accuracy                           0.92     13604
   macro avg       0.88      0.94      0.90     13604
weighted avg       0.94      0.92      0.92     13604

cycle: 8
svm_train.py:83: FutureWarning: elementwise comparison failed; returning scalar instead, but in the future will perform elementwise comparison
  X[X=='0'] = -1
svm_train.py:84: FutureWarning: elementwise comparison failed; returning scalar instead, but in the future will perform elementwise comparison
  X[X=='1'] = 1
original mice count:  52983
original elephant count:  17198
[[3337   94]
 [1070 9536]]
              precision    recall  f1-score   support

          -1       0.76      0.97      0.85      3431
           1       0.99      0.90      0.94     10606

    accuracy                           0.92     14037
   macro avg       0.87      0.94      0.90     14037
weighted avg       0.93      0.92      0.92     14037

cycle: 9
svm_train.py:83: FutureWarning: elementwise comparison failed; returning scalar instead, but in the future will perform elementwise comparison
  X[X=='0'] = -1
svm_train.py:84: FutureWarning: elementwise comparison failed; returning scalar instead, but in the future will perform elementwise comparison
  X[X=='1'] = 1
original mice count:  48355
original elephant count:  16726
[[3213   80]
 [ 995 8729]]
              precision    recall  f1-score   support

          -1       0.76      0.98      0.86      3293
           1       0.99      0.90      0.94      9724

    accuracy                           0.92     13017
   macro avg       0.88      0.94      0.90     13017
weighted avg       0.93      0.92      0.92     13017

end time 2020-11-14 22:29:29.192701
duration 5052
(dgl) songyima@155:/data/sym/one-class-svm/mean_of_five$ python svm_train.py 2000 0.1
start time 2020-11-14 23:22:05.749047
thres:  2000
nu:  0.1
cycle: 0
svm_train.py:83: FutureWarning: elementwise comparison failed; returning scalar instead, but in the future will perform elementwise comparison
  X[X=='0'] = -1
svm_train.py:84: FutureWarning: elementwise comparison failed; returning scalar instead, but in the future will perform elementwise comparison
  X[X=='1'] = 1
original mice count:  59826
original elephant count:  9161
[[ 1817    53]
 [ 1198 10730]]
              precision    recall  f1-score   support

          -1       0.60      0.97      0.74      1870
           1       1.00      0.90      0.94     11928

    accuracy                           0.91     13798
   macro avg       0.80      0.94      0.84     13798
weighted avg       0.94      0.91      0.92     13798

cycle: 1
svm_train.py:83: FutureWarning: elementwise comparison failed; returning scalar instead, but in the future will perform elementwise comparison
  X[X=='0'] = -1
svm_train.py:84: FutureWarning: elementwise comparison failed; returning scalar instead, but in the future will perform elementwise comparison
  X[X=='1'] = 1
original mice count:  61024
original elephant count:  10052
[[ 1913    70]
 [ 1163 11070]]
              precision    recall  f1-score   support

          -1       0.62      0.96      0.76      1983
           1       0.99      0.90      0.95     12233

    accuracy                           0.91     14216
   macro avg       0.81      0.93      0.85     14216
weighted avg       0.94      0.91      0.92     14216

cycle: 2
svm_train.py:83: FutureWarning: elementwise comparison failed; returning scalar instead, but in the future will perform elementwise comparison
  X[X=='0'] = -1
svm_train.py:84: FutureWarning: elementwise comparison failed; returning scalar instead, but in the future will perform elementwise comparison
  X[X=='1'] = 1
original mice count:  59967
original elephant count:  9793
[[ 1858    71]
 [ 1210 10813]]
              precision    recall  f1-score   support

          -1       0.61      0.96      0.74      1929
           1       0.99      0.90      0.94     12023

    accuracy                           0.91     13952
   macro avg       0.80      0.93      0.84     13952
weighted avg       0.94      0.91      0.92     13952

cycle: 3
svm_train.py:83: FutureWarning: elementwise comparison failed; returning scalar instead, but in the future will perform elementwise comparison
  X[X=='0'] = -1
svm_train.py:84: FutureWarning: elementwise comparison failed; returning scalar instead, but in the future will perform elementwise comparison
  X[X=='1'] = 1
original mice count:  59937
original elephant count:  9596
[[ 1828    63]
 [ 1286 10730]]
              precision    recall  f1-score   support

          -1       0.59      0.97      0.73      1891
           1       0.99      0.89      0.94     12016

    accuracy                           0.90     13907
   macro avg       0.79      0.93      0.84     13907
weighted avg       0.94      0.90      0.91     13907

cycle: 4
svm_train.py:83: FutureWarning: elementwise comparison failed; returning scalar instead, but in the future will perform elementwise comparison
  X[X=='0'] = -1
svm_train.py:84: FutureWarning: elementwise comparison failed; returning scalar instead, but in the future will perform elementwise comparison
  X[X=='1'] = 1
original mice count:  59218
original elephant count:  9500
[[ 1835    66]
 [ 1123 10720]]
              precision    recall  f1-score   support

          -1       0.62      0.97      0.76      1901
           1       0.99      0.91      0.95     11843

    accuracy                           0.91     13744
   macro avg       0.81      0.94      0.85     13744
weighted avg       0.94      0.91      0.92     13744

cycle: 5
svm_train.py:83: FutureWarning: elementwise comparison failed; returning scalar instead, but in the future will perform elementwise comparison
  X[X=='0'] = -1
svm_train.py:84: FutureWarning: elementwise comparison failed; returning scalar instead, but in the future will perform elementwise comparison
  X[X=='1'] = 1
original mice count:  58056
original elephant count:  9843
[[ 1909    57]
 [ 1215 10399]]
              precision    recall  f1-score   support

          -1       0.61      0.97      0.75      1966
           1       0.99      0.90      0.94     11614

    accuracy                           0.91     13580
   macro avg       0.80      0.93      0.85     13580
weighted avg       0.94      0.91      0.91     13580

cycle: 6
svm_train.py:83: FutureWarning: elementwise comparison failed; returning scalar instead, but in the future will perform elementwise comparison
  X[X=='0'] = -1
svm_train.py:84: FutureWarning: elementwise comparison failed; returning scalar instead, but in the future will perform elementwise comparison
  X[X=='1'] = 1
original mice count:  59021
original elephant count:  9785
[[ 1922    58]
 [ 1215 10567]]
              precision    recall  f1-score   support

          -1       0.61      0.97      0.75      1980
           1       0.99      0.90      0.94     11782

    accuracy                           0.91     13762
   macro avg       0.80      0.93      0.85     13762
weighted avg       0.94      0.91      0.92     13762

cycle: 7
svm_train.py:83: FutureWarning: elementwise comparison failed; returning scalar instead, but in the future will perform elementwise comparison
  X[X=='0'] = -1
svm_train.py:84: FutureWarning: elementwise comparison failed; returning scalar instead, but in the future will perform elementwise comparison
  X[X=='1'] = 1
original mice count:  58462
original elephant count:  9558
[[ 1881    50]
 [ 1180 10493]]
              precision    recall  f1-score   support

          -1       0.61      0.97      0.75      1931
           1       1.00      0.90      0.94     11673

    accuracy                           0.91     13604
   macro avg       0.80      0.94      0.85     13604
weighted avg       0.94      0.91      0.92     13604

cycle: 8
svm_train.py:83: FutureWarning: elementwise comparison failed; returning scalar instead, but in the future will perform elementwise comparison
  X[X=='0'] = -1
svm_train.py:84: FutureWarning: elementwise comparison failed; returning scalar instead, but in the future will perform elementwise comparison
  X[X=='1'] = 1
original mice count:  60564
original elephant count:  9617
[[ 1883    58]
 [ 1182 10914]]
              precision    recall  f1-score   support

          -1       0.61      0.97      0.75      1941
           1       0.99      0.90      0.95     12096

    accuracy                           0.91     14037
   macro avg       0.80      0.94      0.85     14037
weighted avg       0.94      0.91      0.92     14037

cycle: 9
svm_train.py:83: FutureWarning: elementwise comparison failed; returning scalar instead, but in the future will perform elementwise comparison
  X[X=='0'] = -1
svm_train.py:84: FutureWarning: elementwise comparison failed; returning scalar instead, but in the future will perform elementwise comparison
  X[X=='1'] = 1
original mice count:  55774
original elephant count:  9307
[[ 1775    51]
 [ 1134 10057]]
              precision    recall  f1-score   support

          -1       0.61      0.97      0.75      1826
           1       0.99      0.90      0.94     11191

    accuracy                           0.91     13017
   macro avg       0.80      0.94      0.85     13017
weighted avg       0.94      0.91      0.92     13017

end time 2020-11-15 01:21:28.653103
duration 7162
(dgl) songyima@155:/data/sym/one-class-svm/mean_of_five$ python svm_train.py 20000 0.1
start time 2020-11-15 11:49:32.400885
thres:  20000
nu:  0.1
cycle: 0
svm_train.py:83: FutureWarning: elementwise comparison failed; returning scalar instead, but in the future will perform elementwise comparison
  X[X=='0'] = -1
svm_train.py:84: FutureWarning: elementwise comparison failed; returning scalar instead, but in the future will perform elementwise comparison
  X[X=='1'] = 1
original mice count:  66641
original elephant count:  2346
[[  424    43]
 [ 1391 11940]]
              precision    recall  f1-score   support

          -1       0.23      0.91      0.37       467
           1       1.00      0.90      0.94     13331

    accuracy                           0.90     13798
   macro avg       0.62      0.90      0.66     13798
weighted avg       0.97      0.90      0.92     13798

cycle: 1
svm_train.py:83: FutureWarning: elementwise comparison failed; returning scalar instead, but in the future will perform elementwise comparison
  X[X=='0'] = -1
svm_train.py:84: FutureWarning: elementwise comparison failed; returning scalar instead, but in the future will perform elementwise comparison
  X[X=='1'] = 1
original mice count:  68766
original elephant count:  2310
[[  381    71]
 [ 1380 12384]]
              precision    recall  f1-score   support

          -1       0.22      0.84      0.34       452
           1       0.99      0.90      0.94     13764

    accuracy                           0.90     14216
   macro avg       0.61      0.87      0.64     14216
weighted avg       0.97      0.90      0.93     14216

cycle: 2
svm_train.py:83: FutureWarning: elementwise comparison failed; returning scalar instead, but in the future will perform elementwise comparison
  X[X=='0'] = -1
svm_train.py:84: FutureWarning: elementwise comparison failed; returning scalar instead, but in the future will perform elementwise comparison
  X[X=='1'] = 1
original mice count:  67415
original elephant count:  2345
[[  387    81]
 [ 1357 12127]]
              precision    recall  f1-score   support

          -1       0.22      0.83      0.35       468
           1       0.99      0.90      0.94     13484

    accuracy                           0.90     13952
   macro avg       0.61      0.86      0.65     13952
weighted avg       0.97      0.90      0.92     13952

cycle: 3
svm_train.py:83: FutureWarning: elementwise comparison failed; returning scalar instead, but in the future will perform elementwise comparison
  X[X=='0'] = -1
svm_train.py:84: FutureWarning: elementwise comparison failed; returning scalar instead, but in the future will perform elementwise comparison
  X[X=='1'] = 1
original mice count:  67196
original elephant count:  2337
[[  411    44]
 [ 1403 12049]]
              precision    recall  f1-score   support

          -1       0.23      0.90      0.36       455
           1       1.00      0.90      0.94     13452

    accuracy                           0.90     13907
   macro avg       0.61      0.90      0.65     13907
weighted avg       0.97      0.90      0.92     13907

cycle: 4
svm_train.py:83: FutureWarning: elementwise comparison failed; returning scalar instead, but in the future will perform elementwise comparison
  X[X=='0'] = -1
svm_train.py:84: FutureWarning: elementwise comparison failed; returning scalar instead, but in the future will perform elementwise comparison
  X[X=='1'] = 1
original mice count:  66313
original elephant count:  2405
[[  384    57]
 [ 1298 12005]]
              precision    recall  f1-score   support

          -1       0.23      0.87      0.36       441
           1       1.00      0.90      0.95     13303

    accuracy                           0.90     13744
   macro avg       0.61      0.89      0.65     13744
weighted avg       0.97      0.90      0.93     13744

cycle: 5
svm_train.py:83: FutureWarning: elementwise comparison failed; returning scalar instead, but in the future will perform elementwise comparison
  X[X=='0'] = -1
svm_train.py:84: FutureWarning: elementwise comparison failed; returning scalar instead, but in the future will perform elementwise comparison
  X[X=='1'] = 1
original mice count:  65553
original elephant count:  2346
[[  362    97]
 [ 1373 11748]]
              precision    recall  f1-score   support

          -1       0.21      0.79      0.33       459
           1       0.99      0.90      0.94     13121

    accuracy                           0.89     13580
   macro avg       0.60      0.84      0.64     13580
weighted avg       0.97      0.89      0.92     13580

cycle: 6
svm_train.py:83: FutureWarning: elementwise comparison failed; returning scalar instead, but in the future will perform elementwise comparison
  X[X=='0'] = -1
svm_train.py:84: FutureWarning: elementwise comparison failed; returning scalar instead, but in the future will perform elementwise comparison
  X[X=='1'] = 1
original mice count:  66378
original elephant count:  2428
[[  385   122]
 [ 1354 11901]]
              precision    recall  f1-score   support

          -1       0.22      0.76      0.34       507
           1       0.99      0.90      0.94     13255

    accuracy                           0.89     13762
   macro avg       0.61      0.83      0.64     13762
weighted avg       0.96      0.89      0.92     13762

cycle: 7
svm_train.py:83: FutureWarning: elementwise comparison failed; returning scalar instead, but in the future will perform elementwise comparison
  X[X=='0'] = -1
svm_train.py:84: FutureWarning: elementwise comparison failed; returning scalar instead, but in the future will perform elementwise comparison
  X[X=='1'] = 1
original mice count:  65653
original elephant count:  2367
[[  406    94]
 [ 1305 11799]]
              precision    recall  f1-score   support

          -1       0.24      0.81      0.37       500
           1       0.99      0.90      0.94     13104

    accuracy                           0.90     13604
   macro avg       0.61      0.86      0.66     13604
weighted avg       0.96      0.90      0.92     13604

cycle: 8
svm_train.py:83: FutureWarning: elementwise comparison failed; returning scalar instead, but in the future will perform elementwise comparison
  X[X=='0'] = -1
svm_train.py:84: FutureWarning: elementwise comparison failed; returning scalar instead, but in the future will perform elementwise comparison
  X[X=='1'] = 1
original mice count:  67840
original elephant count:  2341
[[  397    75]
 [ 1325 12240]]
              precision    recall  f1-score   support

          -1       0.23      0.84      0.36       472
           1       0.99      0.90      0.95     13565

    accuracy                           0.90     14037
   macro avg       0.61      0.87      0.65     14037
weighted avg       0.97      0.90      0.93     14037

cycle: 9
svm_train.py:83: FutureWarning: elementwise comparison failed; returning scalar instead, but in the future will perform elementwise comparison
  X[X=='0'] = -1
svm_train.py:84: FutureWarning: elementwise comparison failed; returning scalar instead, but in the future will perform elementwise comparison
  X[X=='1'] = 1
original mice count:  62771
original elephant count:  2310
[[  393    77]
 [ 1248 11299]]
              precision    recall  f1-score   support

          -1       0.24      0.84      0.37       470
           1       0.99      0.90      0.94     12547

    accuracy                           0.90     13017
   macro avg       0.62      0.87      0.66     13017
weighted avg       0.97      0.90      0.92     13017

end time 2020-11-15 13:57:50.336070
duration 7697
(dgl) songyima@155:/data/sym/one-class-svm/mean_of_five$ python svm_train.py 200000 0.1
start time 2020-11-15 14:09:35.855130
thres:  200000
nu:  0.1
cycle: 0
svm_train.py:83: FutureWarning: elementwise comparison failed; returning scalar instead, but in the future will perform elementwise comparison
  X[X=='0'] = -1
svm_train.py:84: FutureWarning: elementwise comparison failed; returning scalar instead, but in the future will perform elementwise comparison
  X[X=='1'] = 1
original mice count:  68596
original elephant count:  391
[[   45    32]
 [ 1445 12276]]
              precision    recall  f1-score   support

          -1       0.03      0.58      0.06        77
           1       1.00      0.89      0.94     13721

    accuracy                           0.89     13798
   macro avg       0.51      0.74      0.50     13798
weighted avg       0.99      0.89      0.94     13798

cycle: 1
svm_train.py:83: FutureWarning: elementwise comparison failed; returning scalar instead, but in the future will perform elementwise comparison
  X[X=='0'] = -1
svm_train.py:84: FutureWarning: elementwise comparison failed; returning scalar instead, but in the future will perform elementwise comparison
  X[X=='1'] = 1
original mice count:  70669
original elephant count:  407
[[   38    35]
 [ 1410 12733]]
              precision    recall  f1-score   support

          -1       0.03      0.52      0.05        73
           1       1.00      0.90      0.95     14143

    accuracy                           0.90     14216
   macro avg       0.51      0.71      0.50     14216
weighted avg       0.99      0.90      0.94     14216

cycle: 2
svm_train.py:83: FutureWarning: elementwise comparison failed; returning scalar instead, but in the future will perform elementwise comparison
  X[X=='0'] = -1
svm_train.py:84: FutureWarning: elementwise comparison failed; returning scalar instead, but in the future will perform elementwise comparison
  X[X=='1'] = 1
original mice count:  69342
original elephant count:  418
[[   35    53]
 [ 1416 12448]]
              precision    recall  f1-score   support

          -1       0.02      0.40      0.05        88
           1       1.00      0.90      0.94     13864

    accuracy                           0.89     13952
   macro avg       0.51      0.65      0.49     13952
weighted avg       0.99      0.89      0.94     13952

cycle: 3
svm_train.py:83: FutureWarning: elementwise comparison failed; returning scalar instead, but in the future will perform elementwise comparison
  X[X=='0'] = -1
svm_train.py:84: FutureWarning: elementwise comparison failed; returning scalar instead, but in the future will perform elementwise comparison
  X[X=='1'] = 1
original mice count:  69127
original elephant count:  406
[[   38    38]
 [ 1404 12427]]
              precision    recall  f1-score   support

          -1       0.03      0.50      0.05        76
           1       1.00      0.90      0.95     13831

    accuracy                           0.90     13907
   macro avg       0.51      0.70      0.50     13907
weighted avg       0.99      0.90      0.94     13907

cycle: 4
svm_train.py:83: FutureWarning: elementwise comparison failed; returning scalar instead, but in the future will perform elementwise comparison
  X[X=='0'] = -1
svm_train.py:84: FutureWarning: elementwise comparison failed; returning scalar instead, but in the future will perform elementwise comparison
  X[X=='1'] = 1
original mice count:  68320
original elephant count:  398
[[   39    42]
 [ 1311 12352]]
              precision    recall  f1-score   support

          -1       0.03      0.48      0.05        81
           1       1.00      0.90      0.95     13663

    accuracy                           0.90     13744
   macro avg       0.51      0.69      0.50     13744
weighted avg       0.99      0.90      0.94     13744

cycle: 5
svm_train.py:83: FutureWarning: elementwise comparison failed; returning scalar instead, but in the future will perform elementwise comparison
  X[X=='0'] = -1
svm_train.py:84: FutureWarning: elementwise comparison failed; returning scalar instead, but in the future will perform elementwise comparison
  X[X=='1'] = 1
original mice count:  67524
original elephant count:  375
[[   33    40]
 [ 1371 12136]]
              precision    recall  f1-score   support

          -1       0.02      0.45      0.04        73
           1       1.00      0.90      0.95     13507

    accuracy                           0.90     13580
   macro avg       0.51      0.68      0.49     13580
weighted avg       0.99      0.90      0.94     13580

cycle: 6
svm_train.py:83: FutureWarning: elementwise comparison failed; returning scalar instead, but in the future will perform elementwise comparison
  X[X=='0'] = -1
svm_train.py:84: FutureWarning: elementwise comparison failed; returning scalar instead, but in the future will perform elementwise comparison
  X[X=='1'] = 1
original mice count:  68399
original elephant count:  407
[[   39    47]
 [ 1373 12303]]
              precision    recall  f1-score   support

          -1       0.03      0.45      0.05        86
           1       1.00      0.90      0.95     13676

    accuracy                           0.90     13762
   macro avg       0.51      0.68      0.50     13762
weighted avg       0.99      0.90      0.94     13762

cycle: 7
svm_train.py:83: FutureWarning: elementwise comparison failed; returning scalar instead, but in the future will perform elementwise comparison
  X[X=='0'] = -1
svm_train.py:84: FutureWarning: elementwise comparison failed; returning scalar instead, but in the future will perform elementwise comparison
  X[X=='1'] = 1
original mice count:  67619
original elephant count:  401
[[   49    42]
 [ 1367 12146]]
              precision    recall  f1-score   support

          -1       0.03      0.54      0.07        91
           1       1.00      0.90      0.95     13513

    accuracy                           0.90     13604
   macro avg       0.52      0.72      0.51     13604
weighted avg       0.99      0.90      0.94     13604

cycle: 8
svm_train.py:83: FutureWarning: elementwise comparison failed; returning scalar instead, but in the future will perform elementwise comparison
  X[X=='0'] = -1
svm_train.py:84: FutureWarning: elementwise comparison failed; returning scalar instead, but in the future will perform elementwise comparison
  X[X=='1'] = 1
original mice count:  69786
original elephant count:  395
[[   45    38]
 [ 1365 12589]]
              precision    recall  f1-score   support

          -1       0.03      0.54      0.06        83
           1       1.00      0.90      0.95     13954

    accuracy                           0.90     14037
   macro avg       0.51      0.72      0.50     14037
weighted avg       0.99      0.90      0.94     14037

cycle: 9
svm_train.py:83: FutureWarning: elementwise comparison failed; returning scalar instead, but in the future will perform elementwise comparison
  X[X=='0'] = -1
svm_train.py:84: FutureWarning: elementwise comparison failed; returning scalar instead, but in the future will perform elementwise comparison
  X[X=='1'] = 1
original mice count:  64679
original elephant count:  402
[[   42    48]
 [ 1282 11645]]
              precision    recall  f1-score   support

          -1       0.03      0.47      0.06        90
           1       1.00      0.90      0.95     12927

    accuracy                           0.90     13017
   macro avg       0.51      0.68      0.50     13017
weighted avg       0.99      0.90      0.94     13017

end time 2020-11-15 16:24:09.205923
duration 8073
(dgl) songyima@155:/data/sym/one-class-svm/mean_of_five$ python svm_train.py 50000 0.1
start time 2020-11-15 16:42:48.441046
thres:  50000
nu:  0.1
cycle: 0
svm_train.py:83: FutureWarning: elementwise comparison failed; returning scalar instead, but in the future will perform elementwise comparison
  X[X=='0'] = -1
svm_train.py:84: FutureWarning: elementwise comparison failed; returning scalar instead, but in the future will perform elementwise comparison
  X[X=='1'] = 1
original mice count:  67665
original elephant count:  1322
[[  186    81]
 [ 1426 12105]]
              precision    recall  f1-score   support

          -1       0.12      0.70      0.20       267
           1       0.99      0.89      0.94     13531

    accuracy                           0.89     13798
   macro avg       0.55      0.80      0.57     13798
weighted avg       0.98      0.89      0.93     13798

cycle: 1
svm_train.py:83: FutureWarning: elementwise comparison failed; returning scalar instead, but in the future will perform elementwise comparison
  X[X=='0'] = -1
svm_train.py:84: FutureWarning: elementwise comparison failed; returning scalar instead, but in the future will perform elementwise comparison
  X[X=='1'] = 1
original mice count:  69791
original elephant count:  1285
[[  161    83]
 [ 1395 12577]]
              precision    recall  f1-score   support

          -1       0.10      0.66      0.18       244
           1       0.99      0.90      0.94     13972

    accuracy                           0.90     14216
   macro avg       0.55      0.78      0.56     14216
weighted avg       0.98      0.90      0.93     14216

cycle: 2
svm_train.py:83: FutureWarning: elementwise comparison failed; returning scalar instead, but in the future will perform elementwise comparison
  X[X=='0'] = -1
svm_train.py:84: FutureWarning: elementwise comparison failed; returning scalar instead, but in the future will perform elementwise comparison
  X[X=='1'] = 1
original mice count:  68424
original elephant count:  1336
[[  181    99]
 [ 1391 12281]]
              precision    recall  f1-score   support

          -1       0.12      0.65      0.20       280
           1       0.99      0.90      0.94     13672

    accuracy                           0.89     13952
   macro avg       0.55      0.77      0.57     13952
weighted avg       0.97      0.89      0.93     13952

cycle: 3
svm_train.py:83: FutureWarning: elementwise comparison failed; returning scalar instead, but in the future will perform elementwise comparison
  X[X=='0'] = -1
svm_train.py:84: FutureWarning: elementwise comparison failed; returning scalar instead, but in the future will perform elementwise comparison
  X[X=='1'] = 1
original mice count:  68171
original elephant count:  1362
[[  186    88]
 [ 1411 12222]]
              precision    recall  f1-score   support

          -1       0.12      0.68      0.20       274
           1       0.99      0.90      0.94     13633

    accuracy                           0.89     13907
   macro avg       0.55      0.79      0.57     13907
weighted avg       0.98      0.89      0.93     13907

cycle: 4
svm_train.py:83: FutureWarning: elementwise comparison failed; returning scalar instead, but in the future will perform elementwise comparison
  X[X=='0'] = -1
svm_train.py:84: FutureWarning: elementwise comparison failed; returning scalar instead, but in the future will perform elementwise comparison
  X[X=='1'] = 1
original mice count:  67369
original elephant count:  1349
[[  152    87]
 [ 1312 12193]]
              precision    recall  f1-score   support

          -1       0.10      0.64      0.18       239
           1       0.99      0.90      0.95     13505

    accuracy                           0.90     13744
   macro avg       0.55      0.77      0.56     13744
weighted avg       0.98      0.90      0.93     13744

cycle: 5
svm_train.py:83: FutureWarning: elementwise comparison failed; returning scalar instead, but in the future will perform elementwise comparison
  X[X=='0'] = -1
svm_train.py:84: FutureWarning: elementwise comparison failed; returning scalar instead, but in the future will perform elementwise comparison
  X[X=='1'] = 1
original mice count:  66706
original elephant count:  1193
[[  133   102]
 [ 1376 11969]]
              precision    recall  f1-score   support

          -1       0.09      0.57      0.15       235
           1       0.99      0.90      0.94     13345

    accuracy                           0.89     13580
   macro avg       0.54      0.73      0.55     13580
weighted avg       0.98      0.89      0.93     13580

cycle: 6
svm_train.py:83: FutureWarning: elementwise comparison failed; returning scalar instead, but in the future will perform elementwise comparison
  X[X=='0'] = -1
svm_train.py:84: FutureWarning: elementwise comparison failed; returning scalar instead, but in the future will perform elementwise comparison
  X[X=='1'] = 1
original mice count:  67463
original elephant count:  1343
[[  160   121]
 [ 1361 12120]]
              precision    recall  f1-score   support

          -1       0.11      0.57      0.18       281
           1       0.99      0.90      0.94     13481

    accuracy                           0.89     13762
   macro avg       0.55      0.73      0.56     13762
weighted avg       0.97      0.89      0.93     13762

cycle: 7
svm_train.py:83: FutureWarning: elementwise comparison failed; returning scalar instead, but in the future will perform elementwise comparison
  X[X=='0'] = -1
svm_train.py:84: FutureWarning: elementwise comparison failed; returning scalar instead, but in the future will perform elementwise comparison
  X[X=='1'] = 1
original mice count:  66693
original elephant count:  1327
[[  195   103]
 [ 1324 11982]]
              precision    recall  f1-score   support

          -1       0.13      0.65      0.21       298
           1       0.99      0.90      0.94     13306

    accuracy                           0.90     13604
   macro avg       0.56      0.78      0.58     13604
weighted avg       0.97      0.90      0.93     13604

cycle: 8
svm_train.py:83: FutureWarning: elementwise comparison failed; returning scalar instead, but in the future will perform elementwise comparison
  X[X=='0'] = -1
svm_train.py:84: FutureWarning: elementwise comparison failed; returning scalar instead, but in the future will perform elementwise comparison
  X[X=='1'] = 1
original mice count:  68872
original elephant count:  1309
[[  174    70]
 [ 1359 12434]]
              precision    recall  f1-score   support

          -1       0.11      0.71      0.20       244
           1       0.99      0.90      0.95     13793

    accuracy                           0.90     14037
   macro avg       0.55      0.81      0.57     14037
weighted avg       0.98      0.90      0.93     14037

cycle: 9
svm_train.py:83: FutureWarning: elementwise comparison failed; returning scalar instead, but in the future will perform elementwise comparison
  X[X=='0'] = -1
svm_train.py:84: FutureWarning: elementwise comparison failed; returning scalar instead, but in the future will perform elementwise comparison
  X[X=='1'] = 1
original mice count:  63768
original elephant count:  1313
[[  174   102]
 [ 1271 11470]]
              precision    recall  f1-score   support

          -1       0.12      0.63      0.20       276
           1       0.99      0.90      0.94     12741

    accuracy                           0.89     13017
   macro avg       0.56      0.77      0.57     13017
weighted avg       0.97      0.89      0.93     13017

end time 2020-11-15 18:44:43.995520
duration 7315
(dgl) songyima@155:/data/sym/one-class-svm/mean_of_five$ python svm_train.py 60000 0.1
start time 2020-11-15 19:17:49.469596
thres:  60000
nu:  0.1
cycle: 0
svm_train.py:83: FutureWarning: elementwise comparison failed; returning scalar instead, but in the future will perform elementwise comparison
  X[X=='0'] = -1
svm_train.py:84: FutureWarning: elementwise comparison failed; returning scalar instead, but in the future will perform elementwise comparison
  X[X=='1'] = 1
original mice count:  67826
original elephant count:  1161
[[  160    80]
 [ 1428 12130]]
              precision    recall  f1-score   support

          -1       0.10      0.67      0.18       240
           1       0.99      0.89      0.94     13558

    accuracy                           0.89     13798
   macro avg       0.55      0.78      0.56     13798
weighted avg       0.98      0.89      0.93     13798

cycle: 1
svm_train.py:83: FutureWarning: elementwise comparison failed; returning scalar instead, but in the future will perform elementwise comparison
  X[X=='0'] = -1
svm_train.py:84: FutureWarning: elementwise comparison failed; returning scalar instead, but in the future will perform elementwise comparison
  X[X=='1'] = 1
original mice count:  69936
original elephant count:  1140
[[  134    79]
 [ 1406 12597]]
              precision    recall  f1-score   support

          -1       0.09      0.63      0.15       213
           1       0.99      0.90      0.94     14003

    accuracy                           0.90     14216
   macro avg       0.54      0.76      0.55     14216
weighted avg       0.98      0.90      0.93     14216

cycle: 2
svm_train.py:83: FutureWarning: elementwise comparison failed; returning scalar instead, but in the future will perform elementwise comparison
  X[X=='0'] = -1
svm_train.py:84: FutureWarning: elementwise comparison failed; returning scalar instead, but in the future will perform elementwise comparison
  X[X=='1'] = 1
original mice count:  68561
original elephant count:  1199
[[  160    98]
 [ 1387 12307]]
              precision    recall  f1-score   support

          -1       0.10      0.62      0.18       258
           1       0.99      0.90      0.94     13694

    accuracy                           0.89     13952
   macro avg       0.55      0.76      0.56     13952
weighted avg       0.98      0.89      0.93     13952

cycle: 3
svm_train.py:83: FutureWarning: elementwise comparison failed; returning scalar instead, but in the future will perform elementwise comparison
  X[X=='0'] = -1
svm_train.py:84: FutureWarning: elementwise comparison failed; returning scalar instead, but in the future will perform elementwise comparison
  X[X=='1'] = 1
original mice count:  68323
original elephant count:  1210
[[  156    85]
 [ 1407 12259]]
              precision    recall  f1-score   support

          -1       0.10      0.65      0.17       241
           1       0.99      0.90      0.94     13666

    accuracy                           0.89     13907
   macro avg       0.55      0.77      0.56     13907
weighted avg       0.98      0.89      0.93     13907

cycle: 4
svm_train.py:83: FutureWarning: elementwise comparison failed; returning scalar instead, but in the future will perform elementwise comparison
  X[X=='0'] = -1
svm_train.py:84: FutureWarning: elementwise comparison failed; returning scalar instead, but in the future will perform elementwise comparison
  X[X=='1'] = 1
original mice count:  67550
original elephant count:  1168
[[  123    81]
 [ 1320 12220]]
              precision    recall  f1-score   support

          -1       0.09      0.60      0.15       204
           1       0.99      0.90      0.95     13540

    accuracy                           0.90     13744
   macro avg       0.54      0.75      0.55     13744
weighted avg       0.98      0.90      0.93     13744

cycle: 5
svm_train.py:83: FutureWarning: elementwise comparison failed; returning scalar instead, but in the future will perform elementwise comparison
  X[X=='0'] = -1
svm_train.py:84: FutureWarning: elementwise comparison failed; returning scalar instead, but in the future will perform elementwise comparison
  X[X=='1'] = 1
original mice count:  66853
original elephant count:  1046
[[  113   101]
 [ 1371 11995]]
              precision    recall  f1-score   support

          -1       0.08      0.53      0.13       214
           1       0.99      0.90      0.94     13366

    accuracy                           0.89     13580
   macro avg       0.53      0.71      0.54     13580
weighted avg       0.98      0.89      0.93     13580

cycle: 6
svm_train.py:83: FutureWarning: elementwise comparison failed; returning scalar instead, but in the future will perform elementwise comparison
  X[X=='0'] = -1
svm_train.py:84: FutureWarning: elementwise comparison failed; returning scalar instead, but in the future will perform elementwise comparison
  X[X=='1'] = 1
original mice count:  67631
original elephant count:  1175
[[  137    98]
 [ 1368 12159]]
              precision    recall  f1-score   support

          -1       0.09      0.58      0.16       235
           1       0.99      0.90      0.94     13527

    accuracy                           0.89     13762
   macro avg       0.54      0.74      0.55     13762
weighted avg       0.98      0.89      0.93     13762

cycle: 7
svm_train.py:83: FutureWarning: elementwise comparison failed; returning scalar instead, but in the future will perform elementwise comparison
  X[X=='0'] = -1
svm_train.py:84: FutureWarning: elementwise comparison failed; returning scalar instead, but in the future will perform elementwise comparison
  X[X=='1'] = 1
original mice count:  66866
original elephant count:  1154
[[  158    99]
 [ 1350 11997]]
              precision    recall  f1-score   support

          -1       0.10      0.61      0.18       257
           1       0.99      0.90      0.94     13347

    accuracy                           0.89     13604
   macro avg       0.55      0.76      0.56     13604
weighted avg       0.98      0.89      0.93     13604

cycle: 8
svm_train.py:83: FutureWarning: elementwise comparison failed; returning scalar instead, but in the future will perform elementwise comparison
  X[X=='0'] = -1
svm_train.py:84: FutureWarning: elementwise comparison failed; returning scalar instead, but in the future will perform elementwise comparison
  X[X=='1'] = 1
original mice count:  69027
original elephant count:  1154
[[  138    67]
 [ 1365 12467]]
              precision    recall  f1-score   support

          -1       0.09      0.67      0.16       205
           1       0.99      0.90      0.95     13832

    accuracy                           0.90     14037
   macro avg       0.54      0.79      0.55     14037
weighted avg       0.98      0.90      0.93     14037

cycle: 9
svm_train.py:83: FutureWarning: elementwise comparison failed; returning scalar instead, but in the future will perform elementwise comparison
  X[X=='0'] = -1
svm_train.py:84: FutureWarning: elementwise comparison failed; returning scalar instead, but in the future will perform elementwise comparison
  X[X=='1'] = 1
original mice count:  63939
original elephant count:  1142
[[  150    98]
 [ 1274 11495]]
              precision    recall  f1-score   support

          -1       0.11      0.60      0.18       248
           1       0.99      0.90      0.94     12769

    accuracy                           0.89     13017
   macro avg       0.55      0.75      0.56     13017
weighted avg       0.97      0.89      0.93     13017

end time 2020-11-15 21:19:59.491294
duration 7330
(dgl) songyima@155:/data/sym/one-class-svm/mean_of_five$ ls
csv_process.py   log                  result        test.py
dec2bin.py       no_5_tuple_train.py  show_node.py
eth_pcap2csv.py  pcap2csv.py          svm_train.py
(dgl) songyima@155:/data/sym/one-class-svm/mean_of_five$ python svm_train.py 200000 0.01
start time 2020-11-15 23:21:49.713865
thres:  200000
nu:  0.01
cycle: 0
^CTraceback (most recent call last):
  File "svm_train.py", line 125, in <module>
    ele_outliers(i)
  File "svm_train.py", line 79, in ele_outliers
    dfb = pd.read_csv(fileName2)
  File "/data/xgr/miniconda3/envs/dgl/lib/python3.6/site-packages/pandas/io/parsers.py", line 676, in parser_f
    return _read(filepath_or_buffer, kwds)
  File "/data/xgr/miniconda3/envs/dgl/lib/python3.6/site-packages/pandas/io/parsers.py", line 454, in _read
    data = parser.read(nrows)
  File "/data/xgr/miniconda3/envs/dgl/lib/python3.6/site-packages/pandas/io/parsers.py", line 1148, in read
    df = DataFrame(col_dict, columns=columns, index=index)
  File "/data/xgr/miniconda3/envs/dgl/lib/python3.6/site-packages/pandas/core/frame.py", line 435, in __init__
    mgr = init_dict(data, index, columns, dtype=dtype)
  File "/data/xgr/miniconda3/envs/dgl/lib/python3.6/site-packages/pandas/core/internals/construction.py", line 254, in init_dict
    return arrays_to_mgr(arrays, data_names, index, columns, dtype=dtype)
  File "/data/xgr/miniconda3/envs/dgl/lib/python3.6/site-packages/pandas/core/internals/construction.py", line 74, in arrays_to_mgr
    return create_block_manager_from_arrays(arrays, arr_names, axes)
  File "/data/xgr/miniconda3/envs/dgl/lib/python3.6/site-packages/pandas/core/internals/managers.py", line 1670, in create_block_manager_from_arrays
    blocks = form_blocks(arrays, names, axes)
  File "/data/xgr/miniconda3/envs/dgl/lib/python3.6/site-packages/pandas/core/internals/managers.py", line 1738, in form_blocks
    int_blocks = _multi_blockify(items_dict["IntBlock"])
  File "/data/xgr/miniconda3/envs/dgl/lib/python3.6/site-packages/pandas/core/internals/managers.py", line 1820, in _multi_blockify
    values, placement = _stack_arrays(list(tup_block), dtype)
  File "/data/xgr/miniconda3/envs/dgl/lib/python3.6/site-packages/pandas/core/internals/managers.py", line 1850, in _stack_arrays
    stacked[i] = _asarray_compat(arr)
KeyboardInterrupt
(dgl) songyima@155:/data/sym/one-class-svm/mean_of_five$ python svm_train.py 20000 0.01
start time 2020-11-15 23:22:12.758260
thres:  20000
nu:  0.01
cycle: 0
svm_train.py:83: FutureWarning: elementwise comparison failed; returning scalar instead, but in the future will perform elementwise comparison
  X[X=='0'] = -1
svm_train.py:84: FutureWarning: elementwise comparison failed; returning scalar instead, but in the future will perform elementwise comparison
  X[X=='1'] = 1
original mice count:  66641
original elephant count:  2346
[[  106   361]
 [  183 13148]]
              precision    recall  f1-score   support

          -1       0.37      0.23      0.28       467
           1       0.97      0.99      0.98     13331

    accuracy                           0.96     13798
   macro avg       0.67      0.61      0.63     13798
weighted avg       0.95      0.96      0.96     13798

end time 2020-11-15 23:23:20.242845
duration 67
(dgl) songyima@155:/data/sym/one-class-svm/mean_of_five$ python svm_train.py 20000 0.1
start time 2020-11-15 23:23:56.184008
thres:  20000
nu:  0.1
cycle: 0
svm_train.py:83: FutureWarning: elementwise comparison failed; returning scalar instead, but in the future will perform elementwise comparison
  X[X=='0'] = -1
svm_train.py:84: FutureWarning: elementwise comparison failed; returning scalar instead, but in the future will perform elementwise comparison
  X[X=='1'] = 1
original mice count:  66641
original elephant count:  2346
[[  424    43]
 [ 1391 11940]]
              precision    recall  f1-score   support

          -1       0.23      0.91      0.37       467
           1       1.00      0.90      0.94     13331

    accuracy                           0.90     13798
   macro avg       0.62      0.90      0.66     13798
weighted avg       0.97      0.90      0.92     13798

end time 2020-11-15 23:35:47.915789
duration 711
(dgl) songyima@155:/data/sym/one-class-svm/mean_of_five$ python svm_train.py 20000 0.2
start time 2020-11-15 23:41:48.833138
thres:  20000
nu:  0.2
cycle: 0
svm_train.py:83: FutureWarning: elementwise comparison failed; returning scalar instead, but in the future will perform elementwise comparison
  X[X=='0'] = -1
svm_train.py:84: FutureWarning: elementwise comparison failed; returning scalar instead, but in the future will perform elementwise comparison
  X[X=='1'] = 1
original mice count:  66641
original elephant count:  2346
